\BOOKMARK [1][-]{section.1}{\376\377\000I\000n\000t\000r\000o\000d\000u\000c\000t\000i\000o\000n}{}% 1
\BOOKMARK [2][-]{subsection.1.1}{\376\377\000M\000o\000t\000i\000v\000a\000t\000i\000o\000n}{section.1}% 2
\BOOKMARK [2][-]{subsection.1.2}{\376\377\000R\000e\000s\000e\000a\000r\000c\000h\000\040\000Q\000u\000e\000s\000t\000i\000o\000n\000s}{section.1}% 3
\BOOKMARK [2][-]{subsection.1.3}{\376\377\000C\000o\000n\000t\000r\000i\000b\000u\000t\000i\000o\000n\000s}{section.1}% 4
\BOOKMARK [1][-]{section.2}{\376\377\000R\000e\000l\000a\000t\000e\000d\000\040\000W\000o\000r\000k}{}% 5
\BOOKMARK [2][-]{subsection.2.1}{\376\377\000R\000e\000c\000e\000n\000t\000\040\000W\000o\000r\000k\000\040\000o\000n\000\040\000R\000L\000\040\000f\000o\000r\000\040\000P\000o\000r\000t\000f\000o\000l\000i\000o\000\040\000M\000a\000n\000a\000g\000e\000m\000e\000n\000t}{section.2}% 6
\BOOKMARK [1][-]{section.3}{\376\377\000S\000y\000s\000t\000e\000m\000\040\000A\000r\000c\000h\000i\000t\000e\000c\000t\000u\000r\000e}{}% 7
\BOOKMARK [2][-]{subsection.3.1}{\376\377\000S\000o\000f\000t\000w\000a\000r\000e\000\040\000S\000t\000r\000u\000c\000t\000u\000r\000e}{section.3}% 8
\BOOKMARK [1][-]{section.4}{\376\377\000D\000a\000t\000a\000\040\000a\000n\000d\000\040\000F\000e\000a\000t\000u\000r\000e\000\040\000C\000o\000n\000s\000t\000r\000u\000c\000t\000i\000o\000n}{}% 9
\BOOKMARK [2][-]{subsection.4.1}{\376\377\000U\000n\000i\000v\000e\000r\000s\000e}{section.4}% 10
\BOOKMARK [2][-]{subsection.4.2}{\376\377\000D\000a\000t\000a\000\040\000S\000o\000u\000r\000c\000e\000s}{section.4}% 11
\BOOKMARK [2][-]{subsection.4.3}{\376\377\000M\000a\000c\000r\000o\000\040\000R\000e\000g\000i\000m\000e\000\040\000I\000n\000p\000u\000t\000s}{section.4}% 12
\BOOKMARK [2][-]{subsection.4.4}{\376\377\000I\000n\000f\000o\000r\000m\000a\000t\000i\000o\000n\000-\000T\000i\000m\000i\000n\000g\000\040\000C\000o\000n\000t\000r\000a\000c\000t}{section.4}% 13
\BOOKMARK [1][-]{section.5}{\376\377\000M\000e\000t\000h\000o\000d\000o\000l\000o\000g\000y}{}% 14
\BOOKMARK [2][-]{subsection.5.1}{\376\377\000P\000r\000o\000b\000l\000e\000m\000\040\000F\000o\000r\000m\000u\000l\000a\000t\000i\000o\000n}{section.5}% 15
\BOOKMARK [2][-]{subsection.5.2}{\376\377\000C\000r\000o\000s\000s\000-\000S\000e\000c\000t\000i\000o\000n\000a\000l\000\040\000F\000a\000c\000t\000o\000r\000\040\000M\000o\000d\000e\000l}{section.5}% 16
\BOOKMARK [2][-]{subsection.5.3}{\376\377\000V\000o\000l\000a\000t\000i\000l\000i\000t\000y\000\040\000a\000n\000d\000\040\000R\000e\000g\000i\000m\000e\000\040\000M\000o\000d\000e\000l\000s}{section.5}% 17
\BOOKMARK [2][-]{subsection.5.4}{\376\377\000A\000d\000a\000p\000t\000i\000v\000e\000\040\000A\000l\000p\000h\000a\000\040\000C\000o\000m\000b\000i\000n\000a\000t\000i\000o\000n}{section.5}% 18
\BOOKMARK [2][-]{subsection.5.5}{\376\377\000C\000o\000n\000s\000t\000r\000a\000i\000n\000e\000d\000\040\000A\000l\000l\000o\000c\000a\000t\000o\000r}{section.5}% 19
\BOOKMARK [2][-]{subsection.5.6}{\376\377\000R\000e\000c\000e\000d\000i\000n\000g\000-\000H\000o\000r\000i\000z\000o\000n\000\040\000A\000l\000p\000h\000a\040\023\000A\000l\000l\000o\000c\000a\000t\000o\000r\040\023\000C\000o\000n\000t\000r\000o\000l\000l\000e\000r\000\040\000F\000o\000r\000m\000u\000l\000a\000t\000i\000o\000n}{section.5}% 20
\BOOKMARK [2][-]{subsection.5.7}{\376\377\000C\000o\000n\000t\000r\000o\000l\000\040\000M\000e\000t\000h\000o\000d\000s}{section.5}% 21
\BOOKMARK [2][-]{subsection.5.8}{\376\377\000C\000o\000n\000t\000r\000o\000l\000\040\000a\000s\000\040\000R\000i\000s\000k\000-\000S\000h\000a\000p\000i\000n\000g\000\040\000O\000p\000t\000i\000m\000i\000z\000a\000t\000i\000o\000n}{section.5}% 22
\BOOKMARK [2][-]{subsection.5.9}{\376\377\000T\000h\000e\000o\000r\000e\000t\000i\000c\000a\000l\000\040\000G\000r\000o\000u\000n\000d\000i\000n\000g}{section.5}% 23
\BOOKMARK [2][-]{subsection.5.10}{\376\377\000C\000V\000a\000R\000-\000R\000o\000b\000u\000s\000t\000\040\000C\000o\000n\000t\000r\000o\000l\000l\000e\000r}{section.5}% 24
\BOOKMARK [2][-]{subsection.5.11}{\376\377\000C\000o\000n\000v\000e\000x\000i\000t\000y\000-\000A\000w\000a\000r\000e\000\040\000P\000r\000o\000t\000e\000c\000t\000i\000o\000n\000\040\000M\000o\000d\000e\000s}{section.5}% 25
\BOOKMARK [2][-]{subsection.5.12}{\376\377\000L\000o\000g\000i\000s\000t\000i\000c\000\040\000a\000n\000d\000\040\000M\000L\000P\000\040\000M\000e\000t\000a\000-\000C\000o\000n\000t\000r\000o\000l}{section.5}% 26
\BOOKMARK [2][-]{subsection.5.13}{\376\377\000C\000M\000D\000P\000-\000L\000a\000g\000r\000a\000n\000g\000i\000a\000n\000\040\000C\000o\000n\000t\000r\000o\000l}{section.5}% 27
\BOOKMARK [2][-]{subsection.5.14}{\376\377\000P\000o\000r\000t\000f\000o\000l\000i\000o\000\040\000R\000L}{section.5}% 28
\BOOKMARK [2][-]{subsection.5.15}{\376\377\000R\000e\000w\000a\000r\000d\000\040\000D\000e\000s\000i\000g\000n}{section.5}% 29
\BOOKMARK [2][-]{subsection.5.16}{\376\377\000N\000o\000-\000T\000r\000a\000d\000e\000\040\000B\000a\000n\000d\000\040\000a\000n\000d\000\040\000T\000r\000a\000n\000s\000a\000c\000t\000i\000o\000n\000\040\000C\000o\000s\000t\000s}{section.5}% 30
\BOOKMARK [1][-]{section.6}{\376\377\000E\000x\000p\000e\000r\000i\000m\000e\000n\000t\000a\000l\000\040\000D\000e\000s\000i\000g\000n}{}% 31
\BOOKMARK [2][-]{subsection.6.1}{\376\377\000B\000e\000n\000c\000h\000m\000a\000r\000k\000\040\000L\000o\000g\000i\000c}{section.6}% 32
\BOOKMARK [1][-]{section.7}{\376\377\000E\000v\000a\000l\000u\000a\000t\000i\000o\000n\000\040\000M\000e\000t\000r\000i\000c\000s}{}% 33
\BOOKMARK [1][-]{section.8}{\376\377\000R\000e\000s\000u\000l\000t\000s}{}% 34
\BOOKMARK [2][-]{subsection.8.1}{\376\377\000M\000a\000i\000n\000\040\000R\000e\000s\000u\000l\000t\000:\000\040\000C\000o\000n\000t\000r\000o\000l\000\040\000C\000o\000m\000p\000a\000r\000i\000s\000o\000n}{section.8}% 35
\BOOKMARK [1][-]{section.9}{\376\377\000D\000i\000s\000c\000u\000s\000s\000i\000o\000n}{}% 36
\BOOKMARK [2][-]{subsection.9.1}{\376\377\000M\000e\000c\000h\000a\000n\000i\000s\000m\000\040\000o\000f\000\040\000C\000V\000a\000R\000\040\000+\000\040\000C\000o\000n\000v\000e\000x\000i\000t\000y}{section.9}% 37
\BOOKMARK [2][-]{subsection.9.2}{\376\377\000M\000e\000t\000a\000-\000C\000o\000n\000t\000r\000o\000l\000\040\000a\000s\000\040\000M\000i\000x\000t\000u\000r\000e\000-\000o\000f\000-\000P\000o\000l\000i\000c\000i\000e\000s}{section.9}% 38
\BOOKMARK [2][-]{subsection.9.3}{\376\377\000C\000o\000n\000t\000r\000o\000l\000\040\000V\000e\000r\000s\000u\000s\000\040\000L\000e\000a\000r\000n\000i\000n\000g\000\040\000i\000n\000\040\000N\000o\000i\000s\000y\000\040\000E\000n\000v\000i\000r\000o\000n\000m\000e\000n\000t\000s}{section.9}% 39
\BOOKMARK [2][-]{subsection.9.4}{\376\377\000W\000h\000e\000n\000\040\000P\000r\000a\000c\000t\000i\000t\000i\000o\000n\000e\000r\000s\000\040\000S\000h\000o\000u\000l\000d\000\040\000U\000s\000e\000\040\000W\000h\000i\000c\000h\000\040\000C\000o\000n\000t\000r\000o\000l\000\040\000S\000t\000y\000l\000e}{section.9}% 40
\BOOKMARK [1][-]{section.10}{\376\377\000T\000h\000r\000e\000a\000t\000s\000\040\000t\000o\000\040\000V\000a\000l\000i\000d\000i\000t\000y}{}% 41
\BOOKMARK [1][-]{section.11}{\376\377\000C\000o\000n\000c\000l\000u\000s\000i\000o\000n}{}% 42
\BOOKMARK [1][-]{appendix.A}{\376\377\000I\000m\000p\000l\000e\000m\000e\000n\000t\000a\000t\000i\000o\000n\000\040\000S\000n\000a\000p\000s\000h\000o\000t}{}% 43
\BOOKMARK [2][-]{subsection.A.1}{\376\377\000R\000e\000v\000i\000s\000e\000d\000-\000S\000t\000u\000d\000y\000\040\000S\000n\000a\000p\000s\000h\000o\000t}{appendix.A}% 44
\BOOKMARK [2][-]{subsection.A.2}{\376\377\000R\000e\000s\000e\000a\000r\000c\000h\000\040\000A\000r\000t\000i\000f\000a\000c\000t\000s}{appendix.A}% 45
\BOOKMARK [1][-]{appendix.B}{\376\377\000L\000e\000g\000a\000c\000y\000\040\000A\000b\000l\000a\000t\000i\000o\000n\000\040\000D\000i\000a\000g\000n\000o\000s\000t\000i\000c\000s}{}% 46
\BOOKMARK [2][-]{subsection.B.1}{\376\377\000P\000r\000u\000n\000i\000n\000g\000\040\000S\000u\000m\000m\000a\000r\000y}{appendix.B}% 47
\BOOKMARK [2][-]{subsection.B.2}{\376\377\000L\000e\000g\000a\000c\000y\000\040\000S\000i\000g\000n\000i\000f\000i\000c\000a\000n\000c\000e\000\040\000R\000e\000f\000e\000r\000e\000n\000c\000e}{appendix.B}% 48
\BOOKMARK [2][-]{subsection.B.3}{\376\377\000R\000e\000w\000a\000r\000d\000\040\000S\000e\000n\000s\000i\000t\000i\000v\000i\000t\000y}{appendix.B}% 49
\BOOKMARK [1][-]{appendix.C}{\376\377\000S\000u\000p\000p\000l\000e\000m\000e\000n\000t\000a\000r\000y\000\040\000F\000i\000g\000u\000r\000e\000s}{}% 50
